[01m[K/home/yin-roc/1-Github/Ubuntu20.04-VMware/workspace/qt_ros_ws/demo03_ws/src/demo/src/serial.cpp:[m[K In member function â€˜[01m[Kvoid Serial::on_pushButton_open_serial_clicked()[m[Kâ€™:
[01m[K/home/yin-roc/1-Github/Ubuntu20.04-VMware/workspace/qt_ros_ws/demo03_ws/src/demo/src/serial.cpp:77:33:[m[K [01;31m[Kerror: [m[Kâ€˜[01m[Km_portName[m[Kâ€™ was not declared in this scope
   77 |                            .arg([01;31m[Km_portName[m[K).arg(serial.error()));
      |                                 [01;31m[K^~~~~~~~~~[m[K
[01m[K/home/yin-roc/1-Github/Ubuntu20.04-VMware/workspace/qt_ros_ws/demo03_ws/src/demo/src/serial.cpp:77:56:[m[K [01;31m[Kerror: [m[Krequest for member â€˜[01m[Kerror[m[Kâ€™ in â€˜[01m[K((Serial*)this)->Serial::serial[m[Kâ€™, which is of pointer type â€˜[01m[KQSerialPort*[m[Kâ€™ (maybe you meant to use â€˜[01m[K->[m[Kâ€™ ?)
   77 |                            .arg(m_portName).arg(serial.[01;31m[Kerror[m[K()));
      |                                                        [01;31m[K^~~~~[m[K
[01m[K/home/yin-roc/1-Github/Ubuntu20.04-VMware/workspace/qt_ros_ws/demo03_ws/src/demo/src/serial.cpp:76:18:[m[K [01;31m[Kerror: [m[Kâ€˜[01m[Kerror[m[Kâ€™ was not declared in this scope; did you mean â€˜[01m[Kperror[m[Kâ€™?
   76 |             emit [01;31m[Kerror[m[K(tr("Can't open %1, error code %2")
      |                  [01;31m[K^~~~~[m[K
      |                  [32m[Kperror[m[K
make[2]: *** [CMakeFiles/demo_node.dir/build.make:141ï¼šCMakeFiles/demo_node.dir/src/serial.cpp.o] é”™è¯¯ 1
make[2]: *** æ­£åœ¨ç­‰å¾…æœªå®Œæˆçš„ä»»åŠ¡....
make[1]: *** [CMakeFiles/Makefile2:453ï¼šCMakeFiles/demo_node.dir/all] é”™è¯¯ 2
make: *** [Makefile:141ï¼šall] é”™è¯¯ 2
