[01m[K/home/yin-roc/1-Github/Ubuntu20.04-VMware/workspace/qt_ros_ws/demo03_ws/src/demo/src/map.cpp:21:6:[m[K [01;31m[Kerror: [m[K‘[01m[KBase_info[m[K’ has not been declared
   21 | void [01;31m[KBase_info[m[K::handle_back_to_admin_signal_slot(){
      |      [01;31m[K^~~~~~~~~[m[K
[01m[K/home/yin-roc/1-Github/Ubuntu20.04-VMware/workspace/qt_ros_ws/demo03_ws/src/demo/src/map.cpp:[m[K In function ‘[01m[Kvoid handle_back_to_admin_signal_slot()[m[K’:
[01m[K/home/yin-roc/1-Github/Ubuntu20.04-VMware/workspace/qt_ros_ws/demo03_ws/src/demo/src/map.cpp:22:10:[m[K [01;31m[Kerror: [m[K‘[01m[Kback_to_admin_signal[m[K’ was not declared in this scope
   22 |     emit [01;31m[Kback_to_admin_signal[m[K();
      |          [01;31m[K^~~~~~~~~~~~~~~~~~~~[m[K
make[2]: *** [CMakeFiles/demo_node.dir/build.make:180：CMakeFiles/demo_node.dir/src/map.cpp.o] 错误 1
make[2]: *** 正在等待未完成的任务....
make[1]: *** [CMakeFiles/Makefile2:453：CMakeFiles/demo_node.dir/all] 错误 2
make: *** [Makefile:141：all] 错误 2
