In file included from [01m[K/home/yin-roc/1-Github/Ubuntu20.04-VMware/workspace/qt_ros_ws/demo03_ws/src/demo/src/gpsmanager.cpp:1[m[K:
[01m[K/home/yin-roc/1-Github/Ubuntu20.04-VMware/workspace/qt_ros_ws/demo03_ws/src/demo/src/gpsmanager.h:18:20:[m[K [01;31m[Kerror: [m[Kâ€˜[01m[KQWebEnginePage[m[Kâ€™ has not been declared
   18 |     void drawRoute([01;31m[KQWebEnginePage[m[K *webPage);
      |                    [01;31m[K^~~~~~~~~~~~~~[m[K
[01m[K/home/yin-roc/1-Github/Ubuntu20.04-VMware/workspace/qt_ros_ws/demo03_ws/src/demo/src/gpsmanager.cpp:[m[K In constructor â€˜[01m[KGPSManager::GPSManager(QObject*)[m[Kâ€™:
[01m[K/home/yin-roc/1-Github/Ubuntu20.04-VMware/workspace/qt_ros_ws/demo03_ws/src/demo/src/gpsmanager.cpp:3:43:[m[K [01;31m[Kerror: [m[Ktype â€˜[01m[KQObject[m[Kâ€™ is not a direct base of â€˜[01m[KGPSManager[m[Kâ€™
    3 | GPSManager::GPSManager(QObject *parent) : [01;31m[KQObject[m[K(parent)
      |                                           [01;31m[K^~~~~~~[m[K
[01m[K/home/yin-roc/1-Github/Ubuntu20.04-VMware/workspace/qt_ros_ws/demo03_ws/src/demo/src/gpsmanager.cpp:[m[K At global scope:
[01m[K/home/yin-roc/1-Github/Ubuntu20.04-VMware/workspace/qt_ros_ws/demo03_ws/src/demo/src/gpsmanager.cpp:10:28:[m[K [01;31m[Kerror: [m[Kvariable or field â€˜[01m[KdrawRoute[m[Kâ€™ declared void
   10 | void GPSManager::drawRoute([01;31m[KQWebEnginePage[m[K *webPage)
      |                            [01;31m[K^~~~~~~~~~~~~~[m[K
[01m[K/home/yin-roc/1-Github/Ubuntu20.04-VMware/workspace/qt_ros_ws/demo03_ws/src/demo/src/gpsmanager.cpp:10:28:[m[K [01;31m[Kerror: [m[Kâ€˜[01m[KQWebEnginePage[m[Kâ€™ was not declared in this scope
[01m[K/home/yin-roc/1-Github/Ubuntu20.04-VMware/workspace/qt_ros_ws/demo03_ws/src/demo/src/gpsmanager.cpp:10:44:[m[K [01;31m[Kerror: [m[Kâ€˜[01m[KwebPage[m[Kâ€™ was not declared in this scope
   10 | void GPSManager::drawRoute(QWebEnginePage *[01;31m[KwebPage[m[K)
      |                                            [01;31m[K^~~~~~~[m[K
[01m[K/home/yin-roc/1-Github/Ubuntu20.04-VMware/workspace/qt_ros_ws/demo03_ws/src/demo/src/gpsmanager.cpp:[m[K In member function â€˜[01m[Kint GPSManager::getSpeedLimit(double, double)[m[Kâ€™:
[01m[K/home/yin-roc/1-Github/Ubuntu20.04-VMware/workspace/qt_ros_ws/demo03_ws/src/demo/src/gpsmanager.cpp:46:28:[m[K [01;31m[Kerror: [m[Kâ€˜[01m[KQRandomGenerator[m[Kâ€™ has not been declared
   46 |     int randomSpeedLimit = [01;31m[KQRandomGenerator[m[K::global()->bounded(30, 110); // ç”Ÿæˆ30åˆ°109ä¹‹é—´çš„éšæœºæ•°
      |                            [01;31m[K^~~~~~~~~~~~~~~~[m[K
make[2]: *** [CMakeFiles/demo_node.dir/build.make:193ï¼šCMakeFiles/demo_node.dir/src/gpsmanager.cpp.o] é”™è¯¯ 1
make[2]: *** æ­£åœ¨ç­‰å¾…æœªå®Œæˆçš„ä»»åŠ¡....
make[1]: *** [CMakeFiles/Makefile2:453ï¼šCMakeFiles/demo_node.dir/all] é”™è¯¯ 2
make: *** [Makefile:141ï¼šall] é”™è¯¯ 2
