[01m[K/home/yin-roc/1-Github/Ubuntu20.04-VMware/workspace/qt_ros_ws/demo03_ws/src/demo/src/user.cpp:[m[K In member function ‘[01m[Kvoid User::onDoubleSpinBoxValueChanged(double)[m[K’:
[01m[K/home/yin-roc/1-Github/Ubuntu20.04-VMware/workspace/qt_ros_ws/demo03_ws/src/demo/src/user.cpp:57:9:[m[K [01;31m[Kerror: [m[K‘[01m[Kclass Ui::User[m[K’ has no member named ‘[01m[Klabel_11[m[K’; did you mean ‘[01m[Klabel_10[m[K’?
   57 |     ui->[01;31m[Klabel_11[m[K->setText(QString::number(value));
      |         [01;31m[K^~~~~~~~[m[K
      |         [32m[Klabel_10[m[K
make[2]: *** [CMakeFiles/demo_node.dir/build.make:115：CMakeFiles/demo_node.dir/src/user.cpp.o] 错误 1
make[2]: *** 正在等待未完成的任务....
make[1]: *** [CMakeFiles/Makefile2:453：CMakeFiles/demo_node.dir/all] 错误 2
make: *** [Makefile:141：all] 错误 2
