[01m[K/home/yin-roc/1-Github/Ubuntu20.04-VMware/workspace/qt_ros_ws/demo03_ws/src/demo/src/map.cpp:[m[K In constructor â€˜[01m[KMap::Map(QWidget*)[m[Kâ€™:
[01m[K/home/yin-roc/1-Github/Ubuntu20.04-VMware/workspace/qt_ros_ws/demo03_ws/src/demo/src/map.cpp:22:9:[m[K [01;31m[Kerror: [m[Kâ€˜[01m[Kclass Ui::Map[m[Kâ€™ has no member named â€˜[01m[KwebEngineView[m[Kâ€™
   22 |     ui->[01;31m[KwebEngineView[m[K->setUrl(QUrl::fromLocalFile("src/map.html"));
      |         [01;31m[K^~~~~~~~~~~~~[m[K
[01m[K/home/yin-roc/1-Github/Ubuntu20.04-VMware/workspace/qt_ros_ws/demo03_ws/src/demo/src/map.cpp:[m[K In member function â€˜[01m[Kvoid Map::onTimerTimeout()[m[Kâ€™:
[01m[K/home/yin-roc/1-Github/Ubuntu20.04-VMware/workspace/qt_ros_ws/demo03_ws/src/demo/src/map.cpp:92:5:[m[K [01;31m[Kerror: [m[Kâ€˜[01m[Klng[m[Kâ€™ was not declared in this scope; did you mean â€˜[01m[Klog[m[Kâ€™?
   92 |     [01;31m[Klng[m[K = lng - 0.0003;
      |     [01;31m[K^~~[m[K
      |     [32m[Klog[m[K
[01m[K/home/yin-roc/1-Github/Ubuntu20.04-VMware/workspace/qt_ros_ws/demo03_ws/src/demo/src/map.cpp:93:5:[m[K [01;31m[Kerror: [m[Kâ€˜[01m[Klat[m[Kâ€™ was not declared in this scope
   93 |     [01;31m[Klat[m[K = lat - 0.0003;
      |     [01;31m[K^~~[m[K
[01m[K/home/yin-roc/1-Github/Ubuntu20.04-VMware/workspace/qt_ros_ws/demo03_ws/src/demo/src/map.cpp:95:31:[m[K [01;31m[Kerror: [m[Kâ€˜[01m[Kclass Ui::Map[m[Kâ€™ has no member named â€˜[01m[KwebEngineView[m[Kâ€™
   95 |     gpsManager->drawRoute(ui->[01;31m[KwebEngineView[m[K->page());
      |                               [01;31m[K^~~~~~~~~~~~~[m[K
make[2]: *** [CMakeFiles/demo_node.dir/build.make:180ï¼šCMakeFiles/demo_node.dir/src/map.cpp.o] é”™è¯¯ 1
make[2]: *** æ­£åœ¨ç­‰å¾…æœªå®Œæˆçš„ä»»åŠ¡....
make[1]: *** [CMakeFiles/Makefile2:453ï¼šCMakeFiles/demo_node.dir/all] é”™è¯¯ 2
make: *** [Makefile:141ï¼šall] é”™è¯¯ 2
