[01m[K/home/yin-roc/1-Github/Ubuntu20.04-VMware/workspace/qt_ros_ws/demo03_ws/src/demo/src/serial.cpp:100:6:[m[K [01;31m[Kerror: [m[Kâ€˜[01m[Kdemo01_Config_Serial[m[Kâ€™ has not been declared
  100 | void [01;31m[Kdemo01_Config_Serial[m[K::on_checkBox_clicked()
      |      [01;31m[K^~~~~~~~~~~~~~~~~~~~[m[K
[01m[K/home/yin-roc/1-Github/Ubuntu20.04-VMware/workspace/qt_ros_ws/demo03_ws/src/demo/src/serial.cpp:[m[K In function â€˜[01m[Kvoid on_checkBox_clicked()[m[Kâ€™:
[01m[K/home/yin-roc/1-Github/Ubuntu20.04-VMware/workspace/qt_ros_ws/demo03_ws/src/demo/src/serial.cpp:102:5:[m[K [01;31m[Kerror: [m[Kâ€˜[01m[Kui[m[Kâ€™ was not declared in this scope; did you mean â€˜[01m[KUi[m[Kâ€™?
  102 |     [01;31m[Kui[m[K->checkBox->setCheckState(Qt::Checked);
      |     [01;31m[K^~[m[K
      |     [32m[KUi[m[K
[01m[K/home/yin-roc/1-Github/Ubuntu20.04-VMware/workspace/qt_ros_ws/demo03_ws/src/demo/src/serial.cpp:[m[K At global scope:
[01m[K/home/yin-roc/1-Github/Ubuntu20.04-VMware/workspace/qt_ros_ws/demo03_ws/src/demo/src/serial.cpp:108:6:[m[K [01;31m[Kerror: [m[Kâ€˜[01m[Kdemo01_Config_Serial[m[Kâ€™ has not been declared
  108 | void [01;31m[Kdemo01_Config_Serial[m[K::on_checkBox_2_clicked()
      |      [01;31m[K^~~~~~~~~~~~~~~~~~~~[m[K
[01m[K/home/yin-roc/1-Github/Ubuntu20.04-VMware/workspace/qt_ros_ws/demo03_ws/src/demo/src/serial.cpp:[m[K In function â€˜[01m[Kvoid on_checkBox_2_clicked()[m[Kâ€™:
[01m[K/home/yin-roc/1-Github/Ubuntu20.04-VMware/workspace/qt_ros_ws/demo03_ws/src/demo/src/serial.cpp:110:5:[m[K [01;31m[Kerror: [m[Kâ€˜[01m[Kui[m[Kâ€™ was not declared in this scope; did you mean â€˜[01m[KUi[m[Kâ€™?
  110 |     [01;31m[Kui[m[K->checkBox_2->setCheckState(Qt::Checked);
      |     [01;31m[K^~[m[K
      |     [32m[KUi[m[K
[01m[K/home/yin-roc/1-Github/Ubuntu20.04-VMware/workspace/qt_ros_ws/demo03_ws/src/demo/src/serial.cpp:[m[K At global scope:
[01m[K/home/yin-roc/1-Github/Ubuntu20.04-VMware/workspace/qt_ros_ws/demo03_ws/src/demo/src/serial.cpp:116:6:[m[K [01;31m[Kerror: [m[Kâ€˜[01m[Kdemo01_Config_Serial[m[Kâ€™ has not been declared
  116 | void [01;31m[Kdemo01_Config_Serial[m[K::on_checkBox_3_clicked()
      |      [01;31m[K^~~~~~~~~~~~~~~~~~~~[m[K
[01m[K/home/yin-roc/1-Github/Ubuntu20.04-VMware/workspace/qt_ros_ws/demo03_ws/src/demo/src/serial.cpp:[m[K In function â€˜[01m[Kvoid on_checkBox_3_clicked()[m[Kâ€™:
[01m[K/home/yin-roc/1-Github/Ubuntu20.04-VMware/workspace/qt_ros_ws/demo03_ws/src/demo/src/serial.cpp:118:5:[m[K [01;31m[Kerror: [m[Kâ€˜[01m[Kui[m[Kâ€™ was not declared in this scope; did you mean â€˜[01m[KUi[m[Kâ€™?
  118 |     [01;31m[Kui[m[K->checkBox_3->setCheckState(Qt::Checked);
      |     [01;31m[K^~[m[K
      |     [32m[KUi[m[K
make[2]: *** [CMakeFiles/demo_node.dir/build.make:141ï¼šCMakeFiles/demo_node.dir/src/serial.cpp.o] é”™è¯¯ 1
make[1]: *** [CMakeFiles/Makefile2:453ï¼šCMakeFiles/demo_node.dir/all] é”™è¯¯ 2
make: *** [Makefile:141ï¼šall] é”™è¯¯ 2
