[01m[K/home/yin-roc/1-Github/Ubuntu20.04-VMware/workspace/qt_ros_ws/demo03_ws/src/demo/src/map.cpp:[m[K In constructor â€˜[01m[KMap::Map(QWidget*)[m[Kâ€™:
[01m[K/home/yin-roc/1-Github/Ubuntu20.04-VMware/workspace/qt_ros_ws/demo03_ws/src/demo/src/map.cpp:21:9:[m[K [01;31m[Kerror: [m[Kâ€˜[01m[Kclass Ui::Map[m[Kâ€™ has no member named â€˜[01m[KwebEngineView[m[Kâ€™
   21 |     ui->[01;31m[KwebEngineView[m[K->setUrl(QUrl("D:/QtCode/Google/map.html"));
      |         [01;31m[K^~~~~~~~~~~~~[m[K
[01m[K/home/yin-roc/1-Github/Ubuntu20.04-VMware/workspace/qt_ros_ws/demo03_ws/src/demo/src/map.cpp:[m[K In member function â€˜[01m[Kvoid Map::on_pushButton_draw_route_clicked()[m[Kâ€™:
[01m[K/home/yin-roc/1-Github/Ubuntu20.04-VMware/workspace/qt_ros_ws/demo03_ws/src/demo/src/map.cpp:45:13:[m[K [01;31m[Kerror: [m[Kâ€˜[01m[Kclass Ui::Map[m[Kâ€™ has no member named â€˜[01m[KpushButton[m[Kâ€™
   45 |     if (ui->[01;31m[KpushButton[m[K->text() == "ç»˜åˆ¶") {
      |             [01;31m[K^~~~~~~~~~[m[K
[01m[K/home/yin-roc/1-Github/Ubuntu20.04-VMware/workspace/qt_ros_ws/demo03_ws/src/demo/src/map.cpp:46:49:[m[K [01;31m[Kerror: [m[Kâ€˜[01m[KMainWindow[m[Kâ€™ has not been declared
   46 |         connect(timer, &QTimer::timeout, this, &[01;31m[KMainWindow[m[K::onTimerTimeout);
      |                                                 [01;31m[K^~~~~~~~~~[m[K
[01m[K/home/yin-roc/1-Github/Ubuntu20.04-VMware/workspace/qt_ros_ws/demo03_ws/src/demo/src/map.cpp:48:13:[m[K [01;31m[Kerror: [m[Kâ€˜[01m[Kclass Ui::Map[m[Kâ€™ has no member named â€˜[01m[KpushButton[m[Kâ€™
   48 |         ui->[01;31m[KpushButton[m[K->setText("å–æ¶ˆç»˜åˆ¶");
      |             [01;31m[K^~~~~~~~~~[m[K
[01m[K/home/yin-roc/1-Github/Ubuntu20.04-VMware/workspace/qt_ros_ws/demo03_ws/src/demo/src/map.cpp:50:13:[m[K [01;31m[Kerror: [m[Kâ€˜[01m[Kclass Ui::Map[m[Kâ€™ has no member named â€˜[01m[KpushButton[m[Kâ€™
   50 |         ui->[01;31m[KpushButton[m[K->setText("ç»˜åˆ¶");
      |             [01;31m[K^~~~~~~~~~[m[K
[01m[K/home/yin-roc/1-Github/Ubuntu20.04-VMware/workspace/qt_ros_ws/demo03_ws/src/demo/src/map.cpp:52:13:[m[K [01;31m[Kerror: [m[Kâ€˜[01m[Kclass Ui::Map[m[Kâ€™ has no member named â€˜[01m[Kroute[m[Kâ€™
   52 |         ui->[01;31m[Kroute[m[K->setText("");
      |             [01;31m[K^~~~~[m[K
[01m[K/home/yin-roc/1-Github/Ubuntu20.04-VMware/workspace/qt_ros_ws/demo03_ws/src/demo/src/map.cpp:[m[K In member function â€˜[01m[Kvoid Map::onGpsUpdated(double, double)[m[Kâ€™:
[01m[K/home/yin-roc/1-Github/Ubuntu20.04-VMware/workspace/qt_ros_ws/demo03_ws/src/demo/src/map.cpp:63:9:[m[K [01;31m[Kerror: [m[Kâ€˜[01m[Kclass Ui::Map[m[Kâ€™ has no member named â€˜[01m[Kgps[m[Kâ€™
   63 |     ui->[01;31m[Kgps[m[K->setText(QString::number(longitude, 'f', 10) + " " + QString::number(latitude, 'f', 10));
      |         [01;31m[K^~~[m[K
[01m[K/home/yin-roc/1-Github/Ubuntu20.04-VMware/workspace/qt_ros_ws/demo03_ws/src/demo/src/map.cpp:[m[K In member function â€˜[01m[Kvoid Map::onRouteDrawn()[m[Kâ€™:
[01m[K/home/yin-roc/1-Github/Ubuntu20.04-VMware/workspace/qt_ros_ws/demo03_ws/src/demo/src/map.cpp:72:9:[m[K [01;31m[Kerror: [m[Kâ€˜[01m[Kclass Ui::Map[m[Kâ€™ has no member named â€˜[01m[Kroute[m[Kâ€™
   72 |     ui->[01;31m[Kroute[m[K->setText("æ­£åœ¨ç»˜åˆ¶è·¯çº¿...");
      |         [01;31m[K^~~~~[m[K
[01m[K/home/yin-roc/1-Github/Ubuntu20.04-VMware/workspace/qt_ros_ws/demo03_ws/src/demo/src/map.cpp:[m[K In member function â€˜[01m[Kvoid Map::onSpeedLimitReceived(int)[m[Kâ€™:
[01m[K/home/yin-roc/1-Github/Ubuntu20.04-VMware/workspace/qt_ros_ws/demo03_ws/src/demo/src/map.cpp:81:9:[m[K [01;31m[Kerror: [m[Kâ€˜[01m[Kclass Ui::Map[m[Kâ€™ has no member named â€˜[01m[Kspeed[m[Kâ€™
   81 |     ui->[01;31m[Kspeed[m[K->setText("Speed Limit:" + QString::number(limit));
      |         [01;31m[K^~~~~[m[K
[01m[K/home/yin-roc/1-Github/Ubuntu20.04-VMware/workspace/qt_ros_ws/demo03_ws/src/demo/src/map.cpp:[m[K In member function â€˜[01m[Kvoid Map::onTimerTimeout()[m[Kâ€™:
[01m[K/home/yin-roc/1-Github/Ubuntu20.04-VMware/workspace/qt_ros_ws/demo03_ws/src/demo/src/map.cpp:89:5:[m[K [01;31m[Kerror: [m[Kâ€˜[01m[Klng[m[Kâ€™ was not declared in this scope; did you mean â€˜[01m[Klog[m[Kâ€™?
   89 |     [01;31m[Klng[m[K = lng - 0.0003;
      |     [01;31m[K^~~[m[K
      |     [32m[Klog[m[K
[01m[K/home/yin-roc/1-Github/Ubuntu20.04-VMware/workspace/qt_ros_ws/demo03_ws/src/demo/src/map.cpp:90:5:[m[K [01;31m[Kerror: [m[Kâ€˜[01m[Klat[m[Kâ€™ was not declared in this scope
   90 |     [01;31m[Klat[m[K = lat - 0.0003;
      |     [01;31m[K^~~[m[K
[01m[K/home/yin-roc/1-Github/Ubuntu20.04-VMware/workspace/qt_ros_ws/demo03_ws/src/demo/src/map.cpp:92:31:[m[K [01;31m[Kerror: [m[Kâ€˜[01m[Kclass Ui::Map[m[Kâ€™ has no member named â€˜[01m[KwebEngineView[m[Kâ€™
   92 |     gpsManager->drawRoute(ui->[01;31m[KwebEngineView[m[K->page());
      |                               [01;31m[K^~~~~~~~~~~~~[m[K
make[2]: *** [CMakeFiles/demo_node.dir/build.make:180ï¼šCMakeFiles/demo_node.dir/src/map.cpp.o] é”™è¯¯ 1
make[1]: *** [CMakeFiles/Makefile2:453ï¼šCMakeFiles/demo_node.dir/all] é”™è¯¯ 2
make: *** [Makefile:141ï¼šall] é”™è¯¯ 2
