[01m[K/home/yin-roc/1-Github/Ubuntu20.04-VMware/workspace/qt_ros_ws/demo03_ws/src/demo/src/map.cpp:[m[K In constructor ‘[01m[KMap::Map(QWidget*)[m[K’:
[01m[K/home/yin-roc/1-Github/Ubuntu20.04-VMware/workspace/qt_ros_ws/demo03_ws/src/demo/src/map.cpp:21:9:[m[K [01;31m[Kerror: [m[K‘[01m[Kclass Ui::Map[m[K’ has no member named ‘[01m[KwebEngineView[m[K’
   21 |     ui->[01;31m[KwebEngineView[m[K->setUrl(QUrl("D:/QtCode/Google/map.html"));
      |         [01;31m[K^~~~~~~~~~~~~[m[K
[01m[K/home/yin-roc/1-Github/Ubuntu20.04-VMware/workspace/qt_ros_ws/demo03_ws/src/demo/src/map.cpp:[m[K In member function ‘[01m[Kvoid Map::on_pushButton_draw_route_clicked()[m[K’:
[01m[K/home/yin-roc/1-Github/Ubuntu20.04-VMware/workspace/qt_ros_ws/demo03_ws/src/demo/src/map.cpp:45:13:[m[K [01;31m[Kerror: [m[K‘[01m[Kclass Ui::Map[m[K’ has no member named ‘[01m[KpushButton[m[K’
   45 |     if (ui->[01;31m[KpushButton[m[K->text() == "绘制") {
      |             [01;31m[K^~~~~~~~~~[m[K
[01m[K/home/yin-roc/1-Github/Ubuntu20.04-VMware/workspace/qt_ros_ws/demo03_ws/src/demo/src/map.cpp:46:49:[m[K [01;31m[Kerror: [m[K‘[01m[KMainWindow[m[K’ has not been declared
   46 |         connect(timer, &QTimer::timeout, this, &[01;31m[KMainWindow[m[K::onTimerTimeout);
      |                                                 [01;31m[K^~~~~~~~~~[m[K
[01m[K/home/yin-roc/1-Github/Ubuntu20.04-VMware/workspace/qt_ros_ws/demo03_ws/src/demo/src/map.cpp:48:13:[m[K [01;31m[Kerror: [m[K‘[01m[Kclass Ui::Map[m[K’ has no member named ‘[01m[KpushButton[m[K’
   48 |         ui->[01;31m[KpushButton[m[K->setText("取消绘制");
      |             [01;31m[K^~~~~~~~~~[m[K
[01m[K/home/yin-roc/1-Github/Ubuntu20.04-VMware/workspace/qt_ros_ws/demo03_ws/src/demo/src/map.cpp:50:13:[m[K [01;31m[Kerror: [m[K‘[01m[Kclass Ui::Map[m[K’ has no member named ‘[01m[KpushButton[m[K’
   50 |         ui->[01;31m[KpushButton[m[K->setText("绘制");
      |             [01;31m[K^~~~~~~~~~[m[K
[01m[K/home/yin-roc/1-Github/Ubuntu20.04-VMware/workspace/qt_ros_ws/demo03_ws/src/demo/src/map.cpp:52:13:[m[K [01;31m[Kerror: [m[K‘[01m[Kclass Ui::Map[m[K’ has no member named ‘[01m[Kroute[m[K’
   52 |         ui->[01;31m[Kroute[m[K->setText("");
      |             [01;31m[K^~~~~[m[K
[01m[K/home/yin-roc/1-Github/Ubuntu20.04-VMware/workspace/qt_ros_ws/demo03_ws/src/demo/src/map.cpp:[m[K In member function ‘[01m[Kvoid Map::onGpsUpdated(double, double)[m[K’:
[01m[K/home/yin-roc/1-Github/Ubuntu20.04-VMware/workspace/qt_ros_ws/demo03_ws/src/demo/src/map.cpp:63:9:[m[K [01;31m[Kerror: [m[K‘[01m[Kclass Ui::Map[m[K’ has no member named ‘[01m[Kgps[m[K’
   63 |     ui->[01;31m[Kgps[m[K->setText(QString::number(longitude, 'f', 10) + " " + QString::number(latitude, 'f', 10));
      |         [01;31m[K^~~[m[K
[01m[K/home/yin-roc/1-Github/Ubuntu20.04-VMware/workspace/qt_ros_ws/demo03_ws/src/demo/src/map.cpp:[m[K In member function ‘[01m[Kvoid Map::onRouteDrawn()[m[K’:
[01m[K/home/yin-roc/1-Github/Ubuntu20.04-VMware/workspace/qt_ros_ws/demo03_ws/src/demo/src/map.cpp:72:9:[m[K [01;31m[Kerror: [m[K‘[01m[Kclass Ui::Map[m[K’ has no member named ‘[01m[Kroute[m[K’
   72 |     ui->[01;31m[Kroute[m[K->setText("正在绘制路线...");
      |         [01;31m[K^~~~~[m[K
[01m[K/home/yin-roc/1-Github/Ubuntu20.04-VMware/workspace/qt_ros_ws/demo03_ws/src/demo/src/map.cpp:[m[K In member function ‘[01m[Kvoid Map::onSpeedLimitReceived(int)[m[K’:
[01m[K/home/yin-roc/1-Github/Ubuntu20.04-VMware/workspace/qt_ros_ws/demo03_ws/src/demo/src/map.cpp:81:9:[m[K [01;31m[Kerror: [m[K‘[01m[Kclass Ui::Map[m[K’ has no member named ‘[01m[Kspeed[m[K’
   81 |     ui->[01;31m[Kspeed[m[K->setText("Speed Limit:" + QString::number(limit));
      |         [01;31m[K^~~~~[m[K
[01m[K/home/yin-roc/1-Github/Ubuntu20.04-VMware/workspace/qt_ros_ws/demo03_ws/src/demo/src/map.cpp:[m[K In member function ‘[01m[Kvoid Map::onTimerTimeout()[m[K’:
[01m[K/home/yin-roc/1-Github/Ubuntu20.04-VMware/workspace/qt_ros_ws/demo03_ws/src/demo/src/map.cpp:89:5:[m[K [01;31m[Kerror: [m[K‘[01m[Klng[m[K’ was not declared in this scope; did you mean ‘[01m[Klog[m[K’?
   89 |     [01;31m[Klng[m[K = lng - 0.0003;
      |     [01;31m[K^~~[m[K
      |     [32m[Klog[m[K
[01m[K/home/yin-roc/1-Github/Ubuntu20.04-VMware/workspace/qt_ros_ws/demo03_ws/src/demo/src/map.cpp:90:5:[m[K [01;31m[Kerror: [m[K‘[01m[Klat[m[K’ was not declared in this scope
   90 |     [01;31m[Klat[m[K = lat - 0.0003;
      |     [01;31m[K^~~[m[K
[01m[K/home/yin-roc/1-Github/Ubuntu20.04-VMware/workspace/qt_ros_ws/demo03_ws/src/demo/src/map.cpp:92:31:[m[K [01;31m[Kerror: [m[K‘[01m[Kclass Ui::Map[m[K’ has no member named ‘[01m[KwebEngineView[m[K’
   92 |     gpsManager->drawRoute(ui->[01;31m[KwebEngineView[m[K->page());
      |                               [01;31m[K^~~~~~~~~~~~~[m[K
make[2]: *** [CMakeFiles/demo_node.dir/build.make:180：CMakeFiles/demo_node.dir/src/map.cpp.o] 错误 1
make[1]: *** [CMakeFiles/Makefile2:453：CMakeFiles/demo_node.dir/all] 错误 2
make: *** [Makefile:141：all] 错误 2
