[01m[K/home/yin-roc/1-Github/Ubuntu20.04-VMware/workspace/qt_ros_ws/demo03_ws/src/demo/src/map.cpp:[m[K In constructor ‘[01m[KMap::Map(QWidget*)[m[K’:
[01m[K/home/yin-roc/1-Github/Ubuntu20.04-VMware/workspace/qt_ros_ws/demo03_ws/src/demo/src/map.cpp:22:9:[m[K [01;31m[Kerror: [m[K‘[01m[Kclass Ui::Map[m[K’ has no member named ‘[01m[KwebEngineView[m[K’
   22 |     ui->[01;31m[KwebEngineView[m[K->setUrl(QUrl::fromLocalFile("src/map.html"));
      |         [01;31m[K^~~~~~~~~~~~~[m[K
[01m[K/home/yin-roc/1-Github/Ubuntu20.04-VMware/workspace/qt_ros_ws/demo03_ws/src/demo/src/map.cpp:[m[K In member function ‘[01m[Kvoid Map::onTimerTimeout()[m[K’:
[01m[K/home/yin-roc/1-Github/Ubuntu20.04-VMware/workspace/qt_ros_ws/demo03_ws/src/demo/src/map.cpp:92:5:[m[K [01;31m[Kerror: [m[K‘[01m[Klng[m[K’ was not declared in this scope; did you mean ‘[01m[Klog[m[K’?
   92 |     [01;31m[Klng[m[K = lng - 0.0003;
      |     [01;31m[K^~~[m[K
      |     [32m[Klog[m[K
[01m[K/home/yin-roc/1-Github/Ubuntu20.04-VMware/workspace/qt_ros_ws/demo03_ws/src/demo/src/map.cpp:93:5:[m[K [01;31m[Kerror: [m[K‘[01m[Klat[m[K’ was not declared in this scope
   93 |     [01;31m[Klat[m[K = lat - 0.0003;
      |     [01;31m[K^~~[m[K
[01m[K/home/yin-roc/1-Github/Ubuntu20.04-VMware/workspace/qt_ros_ws/demo03_ws/src/demo/src/map.cpp:95:31:[m[K [01;31m[Kerror: [m[K‘[01m[Kclass Ui::Map[m[K’ has no member named ‘[01m[KwebEngineView[m[K’
   95 |     gpsManager->drawRoute(ui->[01;31m[KwebEngineView[m[K->page());
      |                               [01;31m[K^~~~~~~~~~~~~[m[K
make[2]: *** [CMakeFiles/demo_node.dir/build.make:180：CMakeFiles/demo_node.dir/src/map.cpp.o] 错误 1
make[2]: *** 正在等待未完成的任务....
make[1]: *** [CMakeFiles/Makefile2:453：CMakeFiles/demo_node.dir/all] 错误 2
make: *** [Makefile:141：all] 错误 2
