[01m[K/home/yin-roc/1-Github/Ubuntu20.04-VMware/workspace/qt_ros_ws/demo03_ws/src/demo/src/serial.cpp:[m[K In member function â€˜[01m[Kvoid Serial::TimerEvent1()[m[Kâ€™:
[01m[K/home/yin-roc/1-Github/Ubuntu20.04-VMware/workspace/qt_ros_ws/demo03_ws/src/demo/src/serial.cpp:41:26:[m[K [01;31m[Kerror: [m[Kâ€˜[01m[Kmutex[m[Kâ€™ was not declared in this scope; did you mean â€˜[01m[Kstd::mutex[m[Kâ€™?
   41 |     QMutexLocker locker(&[01;31m[Kmutex[m[K);
      |                          [01;31m[K^~~~~[m[K
      |                          [32m[Kstd::mutex[m[K
In file included from [01m[K/usr/include/c++/9/mutex:43[m[K,
                 from [01m[K/usr/include/c++/9/future:38[m[K,
                 from [01m[K/usr/include/x86_64-linux-gnu/qt5/QtCore/qthread.h:50[m[K,
                 from [01m[K/usr/include/x86_64-linux-gnu/qt5/QtCore/QtCore:233[m[K,
                 from [01m[K/usr/include/x86_64-linux-gnu/qt5/QtSerialPort/QtSerialPortDepends:3[m[K,
                 from [01m[K/usr/include/x86_64-linux-gnu/qt5/QtSerialPort/QtSerialPort:3[m[K,
                 from [01m[K/home/yin-roc/1-Github/Ubuntu20.04-VMware/workspace/qt_ros_ws/demo03_ws/src/demo/src/serial.h:6[m[K,
                 from [01m[K/home/yin-roc/1-Github/Ubuntu20.04-VMware/workspace/qt_ros_ws/demo03_ws/src/demo/src/serial.cpp:1[m[K:
[01m[K/usr/include/c++/9/bits/std_mutex.h:83:9:[m[K [01;36m[Knote: [m[Kâ€˜[01m[Kstd::mutex[m[Kâ€™ declared here
   83 |   class [01;36m[Kmutex[m[K : private __mutex_base
      |         [01;36m[K^~~~~[m[K
make[2]: *** [CMakeFiles/demo_node.dir/build.make:141ï¼šCMakeFiles/demo_node.dir/src/serial.cpp.o] é”™è¯¯ 1
make[1]: *** [CMakeFiles/Makefile2:453ï¼šCMakeFiles/demo_node.dir/all] é”™è¯¯ 2
make: *** [Makefile:141ï¼šall] é”™è¯¯ 2
