[01m[K/home/yin-roc/1-Github/Ubuntu20.04-VMware/workspace/qt_ros_ws/demo03_ws/src/demo/src/user.cpp:[m[K In constructor ‘[01m[KUser::User(QWidget*)[m[K’:
[01m[K/home/yin-roc/1-Github/Ubuntu20.04-VMware/workspace/qt_ros_ws/demo03_ws/src/demo/src/user.cpp:13:5:[m[K [01;31m[Kerror: [m[K‘[01m[Kspeed_horizontalSlider[m[K’ was not declared in this scope
   13 |     [01;31m[Kspeed_horizontalSlider[m[K->setMinimum(0.0); // 设置最小值
      |     [01;31m[K^~~~~~~~~~~~~~~~~~~~~~[m[K
make[2]: *** [CMakeFiles/demo_node.dir/build.make:115：CMakeFiles/demo_node.dir/src/user.cpp.o] 错误 1
make[1]: *** [CMakeFiles/Makefile2:453：CMakeFiles/demo_node.dir/all] 错误 2
make: *** [Makefile:141：all] 错误 2
