[01m[K/home/yin-roc/1-Github/Ubuntu20.04-VMware/workspace/qt_ros_ws/demo03_ws/src/demo/src/serial.cpp:[m[K In member function ‘[01m[Kvoid Serial::on_pushButton_open_serial_clicked()[m[K’:
[01m[K/home/yin-roc/1-Github/Ubuntu20.04-VMware/workspace/qt_ros_ws/demo03_ws/src/demo/src/serial.cpp:77:33:[m[K [01;31m[Kerror: [m[K‘[01m[Km_portName[m[K’ was not declared in this scope
   77 |                            .arg([01;31m[Km_portName[m[K).arg(serial.error()));
      |                                 [01;31m[K^~~~~~~~~~[m[K
[01m[K/home/yin-roc/1-Github/Ubuntu20.04-VMware/workspace/qt_ros_ws/demo03_ws/src/demo/src/serial.cpp:77:56:[m[K [01;31m[Kerror: [m[Krequest for member ‘[01m[Kerror[m[K’ in ‘[01m[K((Serial*)this)->Serial::serial[m[K’, which is of pointer type ‘[01m[KQSerialPort*[m[K’ (maybe you meant to use ‘[01m[K->[m[K’ ?)
   77 |                            .arg(m_portName).arg(serial.[01;31m[Kerror[m[K()));
      |                                                        [01;31m[K^~~~~[m[K
[01m[K/home/yin-roc/1-Github/Ubuntu20.04-VMware/workspace/qt_ros_ws/demo03_ws/src/demo/src/serial.cpp:76:18:[m[K [01;31m[Kerror: [m[K‘[01m[Kerror[m[K’ was not declared in this scope; did you mean ‘[01m[Kperror[m[K’?
   76 |             emit [01;31m[Kerror[m[K(tr("Can't open %1, error code %2")
      |                  [01;31m[K^~~~~[m[K
      |                  [32m[Kperror[m[K
make[2]: *** [CMakeFiles/demo_node.dir/build.make:141：CMakeFiles/demo_node.dir/src/serial.cpp.o] 错误 1
make[2]: *** 正在等待未完成的任务....
make[1]: *** [CMakeFiles/Makefile2:453：CMakeFiles/demo_node.dir/all] 错误 2
make: *** [Makefile:141：all] 错误 2
