[01m[K/home/yin-roc/1-Github/Ubuntu20.04-VMware/workspace/qt_ros_ws/demo03_ws/src/demo/src/map.cpp:21:6:[m[K [01;31m[Kerror: [m[Kâ€˜[01m[KBase_info[m[Kâ€™ has not been declared
   21 | void [01;31m[KBase_info[m[K::handle_back_to_admin_signal_slot(){
      |      [01;31m[K^~~~~~~~~[m[K
[01m[K/home/yin-roc/1-Github/Ubuntu20.04-VMware/workspace/qt_ros_ws/demo03_ws/src/demo/src/map.cpp:[m[K In function â€˜[01m[Kvoid handle_back_to_admin_signal_slot()[m[Kâ€™:
[01m[K/home/yin-roc/1-Github/Ubuntu20.04-VMware/workspace/qt_ros_ws/demo03_ws/src/demo/src/map.cpp:22:10:[m[K [01;31m[Kerror: [m[Kâ€˜[01m[Kback_to_admin_signal[m[Kâ€™ was not declared in this scope
   22 |     emit [01;31m[Kback_to_admin_signal[m[K();
      |          [01;31m[K^~~~~~~~~~~~~~~~~~~~[m[K
make[2]: *** [CMakeFiles/demo_node.dir/build.make:180ï¼šCMakeFiles/demo_node.dir/src/map.cpp.o] é”™è¯¯ 1
make[2]: *** æ­£åœ¨ç­‰å¾…æœªå®Œæˆçš„ä»»åŠ¡....
make[1]: *** [CMakeFiles/Makefile2:453ï¼šCMakeFiles/demo_node.dir/all] é”™è¯¯ 2
make: *** [Makefile:141ï¼šall] é”™è¯¯ 2
