[01m[K/home/yin-roc/1-Github/Ubuntu20.04-VMware/workspace/qt_ros_ws/demo03_ws/src/demo/src/user.cpp:[m[K In constructor â€˜[01m[KUser::User(QWidget*)[m[Kâ€™:
[01m[K/home/yin-roc/1-Github/Ubuntu20.04-VMware/workspace/qt_ros_ws/demo03_ws/src/demo/src/user.cpp:13:5:[m[K [01;31m[Kerror: [m[Kâ€˜[01m[Kspeed_horizontalSlider[m[Kâ€™ was not declared in this scope
   13 |     [01;31m[Kspeed_horizontalSlider[m[K->setMinimum(0.0); // è®¾ç½®æœ€å°å€¼
      |     [01;31m[K^~~~~~~~~~~~~~~~~~~~~~[m[K
make[2]: *** [CMakeFiles/demo_node.dir/build.make:115ï¼šCMakeFiles/demo_node.dir/src/user.cpp.o] é”™è¯¯ 1
make[1]: *** [CMakeFiles/Makefile2:453ï¼šCMakeFiles/demo_node.dir/all] é”™è¯¯ 2
make: *** [Makefile:141ï¼šall] é”™è¯¯ 2
