[01m[K/home/yin-roc/1-Github/Ubuntu20.04-VMware/workspace/qt_ros_ws/test_demo/src/demo/src/qnode.cpp:3:6:[m[K [01;31m[Kerror: [m[Kâ€˜[01m[KROSController[m[Kâ€™ has not been declared
    3 | void [01;31m[KROSController[m[K::publishCommand(double linear, double angular) {
      |      [01;31m[K^~~~~~~~~~~~~[m[K
[01m[K/home/yin-roc/1-Github/Ubuntu20.04-VMware/workspace/qt_ros_ws/test_demo/src/demo/src/qnode.cpp:[m[K In function â€˜[01m[Kvoid publishCommand(double, double)[m[Kâ€™:
[01m[K/home/yin-roc/1-Github/Ubuntu20.04-VMware/workspace/qt_ros_ws/test_demo/src/demo/src/qnode.cpp:7:5:[m[K [01;31m[Kerror: [m[Kâ€˜[01m[Kvel_pub[m[Kâ€™ was not declared in this scope
    7 |     [01;31m[Kvel_pub[m[K.publish(msg);
      |     [01;31m[K^~~~~~~[m[K
make[2]: *** [CMakeFiles/demo.dir/build.make:102ï¼šCMakeFiles/demo.dir/src/qnode.cpp.o] é”™è¯¯ 1
make[1]: *** [CMakeFiles/Makefile2:295ï¼šCMakeFiles/demo.dir/all] é”™è¯¯ 2
make: *** [Makefile:141ï¼šall] é”™è¯¯ 2
