[ 14%] [34m[1mAutomatic MOC and UIC for target demo_node[0m
[ 14%] Built target demo_node_autogen
[35m[1mScanning dependencies of target demo_node[0m
[ 28%] [32mBuilding CXX object CMakeFiles/demo_node.dir/demo_node_autogen/mocs_compilation.cpp.o[0m
[ 57%] [32mBuilding CXX object CMakeFiles/demo_node.dir/src/main.cpp.o[0m
[ 57%] [32mBuilding CXX object CMakeFiles/demo_node.dir/src/mainwindow.cpp.o[0m
In file included from [01m[K/home/yin-roc/1-Github/Ubuntu20.04-VMware/workspace/qt_ros_ws/template/build/demo/demo_node_autogen/UVLADIE3JM/moc_mainwindow.cpp:9[m[K,
                 from [01m[K/home/yin-roc/1-Github/Ubuntu20.04-VMware/workspace/qt_ros_ws/template/build/demo/demo_node_autogen/mocs_compilation.cpp:2[m[K:
[01m[K/home/yin-roc/1-Github/Ubuntu20.04-VMware/workspace/qt_ros_ws/template/src/demo/src/mainwindow.h:5:10:[m[K [01;31m[Kfatal error: [m[Kview.h: æ²¡æœ‰é‚£ä¸ªæ–‡ä»¶æˆ–ç›®å½•
    5 | #include [01;31m[K<view.h>[m[K
      |          [01;31m[K^~~~~~~~[m[K
compilation terminated.
make[2]: *** [CMakeFiles/demo_node.dir/build.make:63ï¼šCMakeFiles/demo_node.dir/demo_node_autogen/mocs_compilation.cpp.o] é”™è¯¯ 1
make[2]: *** æ­£åœ¨ç­‰å¾…æœªå®Œæˆçš„ä»»åŠ¡....
In file included from [01m[K/home/yin-roc/1-Github/Ubuntu20.04-VMware/workspace/qt_ros_ws/template/src/demo/src/main.cpp:1[m[K:
[01m[K/home/yin-roc/1-Github/Ubuntu20.04-VMware/workspace/qt_ros_ws/template/src/demo/src/mainwindow.h:5:10:[m[K [01;31m[Kfatal error: [m[Kview.h: æ²¡æœ‰é‚£ä¸ªæ–‡ä»¶æˆ–ç›®å½•
    5 | #include [01;31m[K<view.h>[m[K
      |          [01;31m[K^~~~~~~~[m[K
compilation terminated.
make[2]: *** [CMakeFiles/demo_node.dir/build.make:76ï¼šCMakeFiles/demo_node.dir/src/main.cpp.o] é”™è¯¯ 1
In file included from [01m[K/home/yin-roc/1-Github/Ubuntu20.04-VMware/workspace/qt_ros_ws/template/src/demo/src/mainwindow.cpp:1[m[K:
[01m[K/home/yin-roc/1-Github/Ubuntu20.04-VMware/workspace/qt_ros_ws/template/src/demo/src/mainwindow.h:5:10:[m[K [01;31m[Kfatal error: [m[Kview.h: æ²¡æœ‰é‚£ä¸ªæ–‡ä»¶æˆ–ç›®å½•
    5 | #include [01;31m[K<view.h>[m[K
      |          [01;31m[K^~~~~~~~[m[K
compilation terminated.
make[2]: *** [CMakeFiles/demo_node.dir/build.make:89ï¼šCMakeFiles/demo_node.dir/src/mainwindow.cpp.o] é”™è¯¯ 1
make[1]: *** [CMakeFiles/Makefile2:453ï¼šCMakeFiles/demo_node.dir/all] é”™è¯¯ 2
make: *** [Makefile:141ï¼šall] é”™è¯¯ 2
